{"C:\\Users\\maxni\\djinni-monitor\\src\\scraper\\parser.ts": {"path":"C:\\Users\\maxni\\djinni-monitor\\src\\scraper\\parser.ts","statementMap":{"0":{"start":{"line":12,"column":0},"end":{"line":12,"column":16}},"1":{"start":{"line":1,"column":0},"end":{"line":1,"column":35}},"2":{"start":{"line":13,"column":12},"end":{"line":13,"column":30}},"3":{"start":{"line":15,"column":17},"end":{"line":15,"column":52}},"4":{"start":{"line":16,"column":17},"end":{"line":16,"column":40}},"5":{"start":{"line":17,"column":17},"end":{"line":17,"column":48}},"6":{"start":{"line":20,"column":4},"end":{"line":23,"column":43}},"7":{"start":{"line":26,"column":4},"end":{"line":28,"column":8}},"8":{"start":{"line":30,"column":2},"end":{"line":37,"column":4}}},"fnMap":{"0":{"name":"parseVacancyHtml","decl":{"start":{"line":12,"column":16},"end":{"line":12,"column":32}},"loc":{"start":{"line":12,"column":45},"end":{"line":38,"column":1}}}},"branchMap":{"0":{"loc":{"start":{"line":16,"column":17},"end":{"line":16,"column":40}},"type":"cond-expr","locations":[{"start":{"line":16,"column":34},"end":{"line":16,"column":38}},{"start":{"line":16,"column":38},"end":{"line":16,"column":40}}]},"1":{"loc":{"start":{"line":16,"column":17},"end":{"line":16,"column":38}},"type":"binary-expr","locations":[{"start":{"line":16,"column":17},"end":{"line":16,"column":38}},{"start":{"line":16,"column":34},"end":{"line":16,"column":38}}]},"2":{"loc":{"start":{"line":17,"column":17},"end":{"line":17,"column":48}},"type":"cond-expr","locations":[{"start":{"line":17,"column":41},"end":{"line":17,"column":45}},{"start":{"line":17,"column":45},"end":{"line":17,"column":48}}]},"3":{"loc":{"start":{"line":17,"column":17},"end":{"line":17,"column":45}},"type":"binary-expr","locations":[{"start":{"line":17,"column":17},"end":{"line":17,"column":45}},{"start":{"line":17,"column":41},"end":{"line":17,"column":45}}]},"4":{"loc":{"start":{"line":17,"column":17},"end":{"line":17,"column":41}},"type":"cond-expr","locations":[{"start":{"line":17,"column":36},"end":{"line":17,"column":39}},{"start":{"line":17,"column":36},"end":{"line":17,"column":41}}]},"5":{"loc":{"start":{"line":17,"column":17},"end":{"line":17,"column":39}},"type":"binary-expr","locations":[{"start":{"line":17,"column":17},"end":{"line":17,"column":39}},{"start":{"line":17,"column":36},"end":{"line":17,"column":39}}]},"6":{"loc":{"start":{"line":20,"column":4},"end":{"line":23,"column":43}},"type":"binary-expr","locations":[{"start":{"line":20,"column":4},"end":{"line":20,"column":46}},{"start":{"line":21,"column":4},"end":{"line":21,"column":46}},{"start":{"line":22,"column":4},"end":{"line":22,"column":55}},{"start":{"line":23,"column":4},"end":{"line":23,"column":43}}]},"7":{"loc":{"start":{"line":26,"column":4},"end":{"line":28,"column":8}},"type":"binary-expr","locations":[{"start":{"line":26,"column":4},"end":{"line":26,"column":42}},{"start":{"line":27,"column":4},"end":{"line":27,"column":52}},{"start":{"line":28,"column":4},"end":{"line":28,"column":8}}]},"8":{"loc":{"start":{"line":34,"column":14},"end":{"line":34,"column":28}},"type":"binary-expr","locations":[{"start":{"line":34,"column":14},"end":{"line":34,"column":20}},{"start":{"line":34,"column":24},"end":{"line":34,"column":28}}]},"9":{"loc":{"start":{"line":35,"column":14},"end":{"line":35,"column":48}},"type":"cond-expr","locations":[{"start":{"line":35,"column":40},"end":{"line":35,"column":44}},{"start":{"line":35,"column":44},"end":{"line":35,"column":48}}]},"10":{"loc":{"start":{"line":35,"column":14},"end":{"line":35,"column":44}},"type":"binary-expr","locations":[{"start":{"line":35,"column":14},"end":{"line":35,"column":44}},{"start":{"line":35,"column":40},"end":{"line":35,"column":44}}]}},"s":{"0":1,"1":1,"2":1,"3":1,"4":1,"5":1,"6":1,"7":1,"8":1},"f":{"0":1},"b":{"0":[1,0],"1":[1,1],"2":[1,0],"3":[1,1],"4":[0,1],"5":[1,1],"6":[1,1,1,0],"7":[1,1,0],"8":[1,0],"9":[1,0],"10":[1,1]}}
}
