TN:
SF:src\scraper\parser.ts
FN:12,parseVacancyHtml
FNF:1
FNH:1
FNDA:1,parseVacancyHtml
DA:1,1
DA:12,1
DA:13,1
DA:15,1
DA:16,1
DA:17,1
DA:20,1
DA:26,1
DA:30,1
LF:9
LH:9
BRDA:16,0,0,1
BRDA:16,0,1,0
BRDA:16,1,0,1
BRDA:16,1,1,1
BRDA:17,2,0,1
BRDA:17,2,1,0
BRDA:17,3,0,1
BRDA:17,3,1,1
BRDA:17,4,0,0
BRDA:17,4,1,1
BRDA:17,5,0,1
BRDA:17,5,1,1
BRDA:20,6,0,1
BRDA:20,6,1,1
BRDA:20,6,2,1
BRDA:20,6,3,0
BRDA:26,7,0,1
BRDA:26,7,1,1
BRDA:26,7,2,0
BRDA:34,8,0,1
BRDA:34,8,1,0
BRDA:35,9,0,1
BRDA:35,9,1,0
BRDA:35,10,0,1
BRDA:35,10,1,1
BRF:25
BRH:18
end_of_record
